<?xml version="1.0" encoding="UTF-8"?>
<testng-results ignored="0" total="16" passed="15" failed="1" skipped="0">
  <reporter-output>
  </reporter-output>
  <suite started-at="2022-08-08T03:38:59Z" name="Default suite" finished-at="2022-08-08T03:39:06Z" duration-ms="7117">
    <groups>
      <group name="cucumber">
        <method signature="AbstractTestNGCucumberTests.runScenario(io.cucumber.testng.PickleWrapper, io.cucumber.testng.FeatureWrapper)[pri:0, instance:com.iris22a.cucumbertests.RunnerTest@3a62c01e]" name="runScenario" class="io.cucumber.testng.AbstractTestNGCucumberTests"/>
      </group> <!-- cucumber -->
    </groups>
    <test started-at="2022-08-08T03:38:59Z" name="Default test" finished-at="2022-08-08T03:39:06Z" duration-ms="7117">
      <class name="com.iris22a.cucumbertests.RunnerTest">
        <test-method is-config="true" signature="setUpClass(org.testng.ITestContext)[pri:0, instance:com.iris22a.cucumbertests.RunnerTest@3a62c01e]" started-at="2022-08-08T03:38:59Z" name="setUpClass" finished-at="2022-08-08T03:39:00Z" duration-ms="949" status="PASS">
          <params>
            <param index="0">
              <value>
                <![CDATA[org.testng.TestRunner@697a34af]]>
              </value>
            </param>
          </params>
          <reporter-output>
          </reporter-output>
        </test-method> <!-- setUpClass -->
        <test-method signature="runScenario(io.cucumber.testng.PickleWrapper, io.cucumber.testng.FeatureWrapper)[pri:0, instance:com.iris22a.cucumbertests.RunnerTest@3a62c01e]" started-at="2022-08-08T03:39:00Z" name="runScenario" description="Runs Cucumber Scenarios" data-provider="scenarios" finished-at="2022-08-08T03:39:01Z" duration-ms="616" status="PASS">
          <params>
            <param index="0">
              <value>
                <![CDATA["Passing single numeric parameter to Gherkin step"]]>
              </value>
            </param>
            <param index="1">
              <value>
                <![CDATA["This feature discribes the parameterization in Cucumber"]]>
              </value>
            </param>
          </params>
          <reporter-output>
          </reporter-output>
        </test-method> <!-- runScenario -->
        <test-method signature="runScenario(io.cucumber.testng.PickleWrapper, io.cucumber.testng.FeatureWrapper)[pri:0, instance:com.iris22a.cucumbertests.RunnerTest@3a62c01e]" started-at="2022-08-08T03:39:01Z" name="runScenario" description="Runs Cucumber Scenarios" data-provider="scenarios" finished-at="2022-08-08T03:39:01Z" duration-ms="56" status="PASS">
          <params>
            <param index="0">
              <value>
                <![CDATA["Passing string parameter to Gherkin step"]]>
              </value>
            </param>
            <param index="1">
              <value>
                <![CDATA["This feature discribes the parameterization in Cucumber"]]>
              </value>
            </param>
          </params>
          <reporter-output>
          </reporter-output>
        </test-method> <!-- runScenario -->
        <test-method signature="runScenario(io.cucumber.testng.PickleWrapper, io.cucumber.testng.FeatureWrapper)[pri:0, instance:com.iris22a.cucumbertests.RunnerTest@3a62c01e]" started-at="2022-08-08T03:39:01Z" name="runScenario" description="Runs Cucumber Scenarios" data-provider="scenarios" finished-at="2022-08-08T03:39:01Z" duration-ms="58" status="PASS">
          <params>
            <param index="0">
              <value>
                <![CDATA["Passing word parameter to Gherkin step"]]>
              </value>
            </param>
            <param index="1">
              <value>
                <![CDATA["This feature discribes the parameterization in Cucumber"]]>
              </value>
            </param>
          </params>
          <reporter-output>
          </reporter-output>
        </test-method> <!-- runScenario -->
        <test-method signature="runScenario(io.cucumber.testng.PickleWrapper, io.cucumber.testng.FeatureWrapper)[pri:0, instance:com.iris22a.cucumbertests.RunnerTest@3a62c01e]" started-at="2022-08-08T03:39:01Z" name="runScenario" description="Runs Cucumber Scenarios" data-provider="scenarios" finished-at="2022-08-08T03:39:01Z" duration-ms="77" status="PASS">
          <params>
            <param index="0">
              <value>
                <![CDATA["Passing list of parameters to Gherkin step"]]>
              </value>
            </param>
            <param index="1">
              <value>
                <![CDATA["This feature discribes the parameterization in Cucumber"]]>
              </value>
            </param>
          </params>
          <reporter-output>
          </reporter-output>
        </test-method> <!-- runScenario -->
        <test-method signature="runScenario(io.cucumber.testng.PickleWrapper, io.cucumber.testng.FeatureWrapper)[pri:0, instance:com.iris22a.cucumbertests.RunnerTest@3a62c01e]" started-at="2022-08-08T03:39:01Z" name="runScenario" description="Runs Cucumber Scenarios" data-provider="scenarios" finished-at="2022-08-08T03:39:01Z" duration-ms="53" status="PASS">
          <params>
            <param index="0">
              <value>
                <![CDATA["Passing table of parameters to Gherkin step"]]>
              </value>
            </param>
            <param index="1">
              <value>
                <![CDATA["This feature discribes the parameterization in Cucumber"]]>
              </value>
            </param>
          </params>
          <reporter-output>
          </reporter-output>
        </test-method> <!-- runScenario -->
        <test-method signature="runScenario(io.cucumber.testng.PickleWrapper, io.cucumber.testng.FeatureWrapper)[pri:0, instance:com.iris22a.cucumbertests.RunnerTest@3a62c01e]" started-at="2022-08-08T03:39:01Z" name="runScenario" description="Runs Cucumber Scenarios" data-provider="scenarios" finished-at="2022-08-08T03:39:01Z" duration-ms="48" status="PASS">
          <params>
            <param index="0">
              <value>
                <![CDATA[""]]>
              </value>
            </param>
            <param index="1">
              <value>
                <![CDATA["This feature discribes the parameterization in Cucumber"]]>
              </value>
            </param>
          </params>
          <reporter-output>
          </reporter-output>
        </test-method> <!-- runScenario -->
        <test-method signature="runScenario(io.cucumber.testng.PickleWrapper, io.cucumber.testng.FeatureWrapper)[pri:0, instance:com.iris22a.cucumbertests.RunnerTest@3a62c01e]" started-at="2022-08-08T03:39:01Z" name="runScenario" description="Runs Cucumber Scenarios" data-provider="scenarios" finished-at="2022-08-08T03:39:01Z" duration-ms="54" status="PASS">
          <params>
            <param index="0">
              <value>
                <![CDATA[""]]>
              </value>
            </param>
            <param index="1">
              <value>
                <![CDATA["This feature discribes the parameterization in Cucumber"]]>
              </value>
            </param>
          </params>
          <reporter-output>
          </reporter-output>
        </test-method> <!-- runScenario -->
        <test-method signature="runScenario(io.cucumber.testng.PickleWrapper, io.cucumber.testng.FeatureWrapper)[pri:0, instance:com.iris22a.cucumbertests.RunnerTest@3a62c01e]" started-at="2022-08-08T03:39:01Z" name="runScenario" description="Runs Cucumber Scenarios" data-provider="scenarios" finished-at="2022-08-08T03:39:01Z" duration-ms="35" status="PASS">
          <params>
            <param index="0">
              <value>
                <![CDATA[""]]>
              </value>
            </param>
            <param index="1">
              <value>
                <![CDATA["This feature discribes the parameterization in Cucumber"]]>
              </value>
            </param>
          </params>
          <reporter-output>
          </reporter-output>
        </test-method> <!-- runScenario -->
        <test-method signature="runScenario(io.cucumber.testng.PickleWrapper, io.cucumber.testng.FeatureWrapper)[pri:0, instance:com.iris22a.cucumbertests.RunnerTest@3a62c01e]" started-at="2022-08-08T03:39:01Z" name="runScenario" description="Runs Cucumber Scenarios" data-provider="scenarios" finished-at="2022-08-08T03:39:01Z" duration-ms="37" status="PASS">
          <params>
            <param index="0">
              <value>
                <![CDATA[""]]>
              </value>
            </param>
            <param index="1">
              <value>
                <![CDATA["This feature discribes the parameterization in Cucumber"]]>
              </value>
            </param>
          </params>
          <reporter-output>
          </reporter-output>
        </test-method> <!-- runScenario -->
        <test-method signature="runScenario(io.cucumber.testng.PickleWrapper, io.cucumber.testng.FeatureWrapper)[pri:0, instance:com.iris22a.cucumbertests.RunnerTest@3a62c01e]" started-at="2022-08-08T03:39:01Z" name="runScenario" description="Runs Cucumber Scenarios" data-provider="scenarios" finished-at="2022-08-08T03:39:02Z" duration-ms="17" status="PASS">
          <params>
            <param index="0">
              <value>
                <![CDATA[""]]>
              </value>
            </param>
            <param index="1">
              <value>
                <![CDATA["This feature discribes the parameterization in Cucumber"]]>
              </value>
            </param>
          </params>
          <reporter-output>
          </reporter-output>
        </test-method> <!-- runScenario -->
        <test-method signature="runScenario(io.cucumber.testng.PickleWrapper, io.cucumber.testng.FeatureWrapper)[pri:0, instance:com.iris22a.cucumbertests.RunnerTest@3a62c01e]" started-at="2022-08-08T03:39:02Z" name="runScenario" description="Runs Cucumber Scenarios" data-provider="scenarios" finished-at="2022-08-08T03:39:05Z" duration-ms="3070" status="PASS">
          <params>
            <param index="0">
              <value>
                <![CDATA[""]]>
              </value>
            </param>
            <param index="1">
              <value>
                <![CDATA["This feature discribes the parameterization in Cucumber"]]>
              </value>
            </param>
          </params>
          <reporter-output>
          </reporter-output>
        </test-method> <!-- runScenario -->
        <test-method signature="runScenario(io.cucumber.testng.PickleWrapper, io.cucumber.testng.FeatureWrapper)[pri:0, instance:com.iris22a.cucumbertests.RunnerTest@3a62c01e]" started-at="2022-08-08T03:39:05Z" name="runScenario" description="Runs Cucumber Scenarios" data-provider="scenarios" finished-at="2022-08-08T03:39:05Z" duration-ms="162" status="PASS">
          <params>
            <param index="0">
              <value>
                <![CDATA[""]]>
              </value>
            </param>
            <param index="1">
              <value>
                <![CDATA["This feature discribes the parameterization in Cucumber"]]>
              </value>
            </param>
          </params>
          <reporter-output>
          </reporter-output>
        </test-method> <!-- runScenario -->
        <test-method signature="runScenario(io.cucumber.testng.PickleWrapper, io.cucumber.testng.FeatureWrapper)[pri:0, instance:com.iris22a.cucumbertests.RunnerTest@3a62c01e]" started-at="2022-08-08T03:39:05Z" name="runScenario" description="Runs Cucumber Scenarios" data-provider="scenarios" finished-at="2022-08-08T03:39:05Z" duration-ms="263" status="PASS">
          <params>
            <param index="0">
              <value>
                <![CDATA[""]]>
              </value>
            </param>
            <param index="1">
              <value>
                <![CDATA["This feature discribes the parameterization in Cucumber"]]>
              </value>
            </param>
          </params>
          <reporter-output>
          </reporter-output>
        </test-method> <!-- runScenario -->
        <test-method signature="runScenario(io.cucumber.testng.PickleWrapper, io.cucumber.testng.FeatureWrapper)[pri:0, instance:com.iris22a.cucumbertests.RunnerTest@3a62c01e]" started-at="2022-08-08T03:39:05Z" name="runScenario" description="Runs Cucumber Scenarios" data-provider="scenarios" finished-at="2022-08-08T03:39:05Z" duration-ms="149" status="PASS">
          <params>
            <param index="0">
              <value>
                <![CDATA[""]]>
              </value>
            </param>
            <param index="1">
              <value>
                <![CDATA["This feature discribes the parameterization in Cucumber"]]>
              </value>
            </param>
          </params>
          <reporter-output>
          </reporter-output>
        </test-method> <!-- runScenario -->
        <test-method signature="runScenario(io.cucumber.testng.PickleWrapper, io.cucumber.testng.FeatureWrapper)[pri:0, instance:com.iris22a.cucumbertests.RunnerTest@3a62c01e]" started-at="2022-08-08T03:39:05Z" name="runScenario" description="Runs Cucumber Scenarios" data-provider="scenarios" finished-at="2022-08-08T03:39:05Z" duration-ms="156" status="PASS">
          <params>
            <param index="0">
              <value>
                <![CDATA[""]]>
              </value>
            </param>
            <param index="1">
              <value>
                <![CDATA["This feature discribes the parameterization in Cucumber"]]>
              </value>
            </param>
          </params>
          <reporter-output>
          </reporter-output>
        </test-method> <!-- runScenario -->
        <test-method signature="runScenario(io.cucumber.testng.PickleWrapper, io.cucumber.testng.FeatureWrapper)[pri:0, instance:com.iris22a.cucumbertests.RunnerTest@3a62c01e]" started-at="2022-08-08T03:39:05Z" name="runScenario" description="Runs Cucumber Scenarios" data-provider="scenarios" finished-at="2022-08-08T03:39:06Z" duration-ms="467" status="FAIL">
          <params>
            <param index="0">
              <value>
                <![CDATA["Verify search result for polo men."]]>
              </value>
            </param>
            <param index="1">
              <value>
                <![CDATA["this file contains product test cases."]]>
              </value>
            </param>
          </params>
          <exception class="java.lang.NullPointerException">
            <message>
              <![CDATA[Cannot invoke "org.openqa.selenium.remote.RemoteWebDriver.get(String)" because "com.iris22a.keyword.UIKeywords.driver" is null]]>
            </message>
            <full-stacktrace>
              <![CDATA[java.lang.NullPointerException: Cannot invoke "org.openqa.selenium.remote.RemoteWebDriver.get(String)" because "com.iris22a.keyword.UIKeywords.driver" is null
at com.iris22a.stepdefination.ProductSteps.launMyntraUrl(ProductSteps.java:27)
at ✽.myntra url should launch.(file:///C:/Users/Lenovo/Desktop/jenkin/JenkinDemo/src/test/resources/Features/Products.feature:7)
]]>
            </full-stacktrace>
          </exception> <!-- java.lang.NullPointerException -->
          <reporter-output>
          </reporter-output>
        </test-method> <!-- runScenario -->
        <test-method is-config="true" signature="tearDownClass()[pri:0, instance:com.iris22a.cucumbertests.RunnerTest@3a62c01e]" started-at="2022-08-08T03:39:06Z" name="tearDownClass" finished-at="2022-08-08T03:39:06Z" duration-ms="102" status="PASS">
          <reporter-output>
          </reporter-output>
        </test-method> <!-- tearDownClass -->
      </class> <!-- com.iris22a.cucumbertests.RunnerTest -->
    </test> <!-- Default test -->
  </suite> <!-- Default suite -->
</testng-results>
